-------------------------------------------------------------------------------
Test set: com.BJSS.framework.runners.RunTests
-------------------------------------------------------------------------------
Tests run: 17, Failures: 1, Errors: 0, Skipped: 0, Time elapsed: 79.355 s <<< FAILURE! - in com.BJSS.framework.runners.RunTests
Review previous orders and add a message(As a customer I want purchase 2 items)  Time elapsed: 12.938 s  <<< FAILURE!
org.junit.ComparisonFailure: expected:<[blue]> but was:<[red]>

