<?xml version="1.0" encoding="UTF-8"?>
<testsuite xmlns:xsi="http://www.w3.org/2001/XMLSchema-instance" xsi:noNamespaceSchemaLocation="https://maven.apache.org/surefire/maven-surefire-plugin/xsd/surefire-test-report.xsd" name="com.BJSS.framework.runners.RunTests" time="84.763" tests="17" errors="0" skipped="0" failures="2">
  <properties>
[...]
</properties>
  <testcase name="Get list of users" classname="CRUD operations to test RESTful Services" time="18.133"/>
  <testcase name="Get a single user" classname="CRUD operations to test RESTful Services" time="0.525"/>
  <testcase name="No results for non-existing user" classname="CRUD operations to test RESTful Services" time="0.816"/>
  <testcase name="Get list of resources" classname="CRUD operations to test RESTful Services" time="0.806"/>
  <testcase name="Get a single resource" classname="CRUD operations to test RESTful Services" time="0.703"/>
  <testcase name="No results for non-existing resource" classname="CRUD operations to test RESTful Services" time="0.861"/>
  <testcase name="Create a user" classname="CRUD operations to test RESTful Services" time="0.827"/>
  <testcase name="Update a user" classname="CRUD operations to test RESTful Services" time="0.667"/>
  <testcase name="Update a user" classname="CRUD operations to test RESTful Services" time="0.947"/>
  <testcase name="Delete a user" classname="CRUD operations to test RESTful Services" time="0.504"/>
  <testcase name="Register a user" classname="CRUD operations to test RESTful Services" time="1.103">
    <failure message="expected:&lt;[201]&gt; but was:&lt;[400]&gt;" type="org.junit.ComparisonFailure"><![CDATA[org.junit.ComparisonFailure: expected:<[201]> but was:<[400]>
]]></failure>
    <system-out><![CDATA[
  Scenario: Register a user                &amp#27;[90m# src/test/resources/features/ApiCalls.feature:53&amp#27;[0m
VALUE =[UserRegisterModel(email=sydney@fife, password=pistol)]
CONT TYPE REG =application/json; charset=utf-8
RESP CODE =400
    &amp#27;[32mWhen &amp#27;[0m&amp#27;[32mI register a user&amp#27;[0m                 &amp#27;[90m# ApiCallsSteps.iRegisterAUser(UserRegisterModel>)&amp#27;[0m
    &amp#27;[31mThen &amp#27;[0m&amp#27;[31mI verify the user is '&amp#27;[0m&amp#27;[31m&amp#27;[1mregistered&amp#27;[0m&amp#27;[31m'&amp#27;[0m &amp#27;[90m# ApiCallsSteps.iVerifyTheUsersAreRetrieved(String)&amp#27;[0m
      &amp#27;[31morg.junit.ComparisonFailure: expected:<[201]> but was:<[400]>
	at java.base/jdk.internal.reflect.NativeConstructorAccessorImpl.newInstance0(Native Method)
	at java.base/jdk.internal.reflect.NativeConstructorAccessorImpl.newInstance(NativeConstructorAccessorImpl.java:62)
	at java.base/jdk.internal.reflect.DelegatingConstructorAccessorImpl.newInstance(DelegatingConstructorAccessorImpl.java:45)
	at com.BJSS.framework.stepdefs.ApiCallsSteps.iVerifyTheUsersAreRetrieved(ApiCallsSteps.java:60)
	at ?.I verify the user is 'registered'(src/test/resources/features/ApiCalls.feature:57)
&amp#27;[0m
]]></system-out>
  </testcase>
  <testcase name="Unsuccessful registration of user" classname="CRUD operations to test RESTful Services" time="1.284"/>
  <testcase name="Login as a user" classname="CRUD operations to test RESTful Services" time="0.483"/>
  <testcase name="Unsuccessful login of user" classname="CRUD operations to test RESTful Services" time="0.421"/>
  <testcase name="Delay get list of user for 3 seconds" classname="CRUD operations to test RESTful Services" time="7.092"/>
  <testcase name="Purchasing 2 items successfully" classname="As a customer I want purchase 2 items" time="33.999"/>
  <testcase name="Review previous orders and add a message" classname="As a customer I want purchase 2 items" time="12.162">
    <failure message="expected:&lt;[blue]&gt; but was:&lt;[red]&gt;" type="org.junit.ComparisonFailure"><![CDATA[org.junit.ComparisonFailure: expected:<[blue]> but was:<[red]>
]]></failure>
    <system-out><![CDATA[
  Scenario: Review previous orders and add a message &amp#27;[90m# src/test/resources/features/PurchaseItem.feature:18&amp#27;[0m
    &amp#27;[32mGiven &amp#27;[0m&amp#27;[32mI am logged in customer on homepage&amp#27;[0m        &amp#27;[90m# PurchaseItemsSteps.iAmLoggedInCustomerOnHomepage()&amp#27;[0m
    &amp#27;[32mAnd &amp#27;[0m&amp#27;[32mI navigate to my account section&amp#27;[0m             &amp#27;[90m# PurchaseItemsSteps.iNavigateToMyAccountSection()&amp#27;[0m
    &amp#27;[32mAnd &amp#27;[0m&amp#27;[32mI click to view orders history&amp#27;[0m               &amp#27;[90m# PurchaseItemsSteps.iClickPreviousOders()&amp#27;[0m
    &amp#27;[32mAnd &amp#27;[0m&amp#27;[32mI select an item from my previous order&amp#27;[0m      &amp#27;[90m# PurchaseItemsSteps.iSelectAnItemFromPreviousOrder()&amp#27;[0m
    &amp#27;[32mWhen &amp#27;[0m&amp#27;[32mI add a comment&amp#27;[0m                             &amp#27;[90m# PurchaseItemsSteps.iAddAComment()&amp#27;[0m
    &amp#27;[31mThen &amp#27;[0m&amp#27;[31mI verify the comment appears under message&amp#27;[0m  &amp#27;[90m# PurchaseItemsSteps.iVerifyTheCommentAppearsUnderMessage()&amp#27;[0m
      &amp#27;[31morg.junit.ComparisonFailure: expected:<[blue]> but was:<[red]>
	at org.junit.Assert.assertEquals(Assert.java:115)
	at org.junit.Assert.assertEquals(Assert.java:144)
	at com.BJSS.framework.stepdefs.PurchaseItemsSteps.iVerifyTheCommentAppearsUnderMessage(PurchaseItemsSteps.java:170)
	at ?.I verify the comment appears under message(src/test/resources/features/PurchaseItem.feature:24)
&amp#27;[0m
]]></system-out>
  </testcase>
</testsuite>